<?xml version="1.0" encoding="UTF-8"?>
<coverage generated="1554960713585" clover="3.2.0">
  <project timestamp="1554960713585" name="All files">
    <metrics statements="21" coveredstatements="16" conditionals="2" coveredconditionals="1" methods="9" coveredmethods="2" elements="32" coveredelements="19" complexity="0" loc="21" ncloc="21" packages="1" files="2" classes="2"/>
    <file name="app.js" path="/Users/Tony/Documents/CodeFellows/401/lab/lab-18/src/app.js">
      <metrics statements="4" coveredstatements="4" conditionals="2" coveredconditionals="1" methods="0" coveredmethods="0"/>
      <line num="3" count="1" type="stmt"/>
      <line num="5" count="1" type="stmt"/>
      <line num="7" count="1" type="cond" truecount="1" falsecount="1"/>
      <line num="8" count="1" type="stmt"/>
    </file>
    <file name="file.js" path="/Users/Tony/Documents/CodeFellows/401/lab/lab-18/src/file.js">
      <metrics statements="17" coveredstatements="12" conditionals="0" coveredconditionals="0" methods="9" coveredmethods="2"/>
      <line num="3" count="1" type="stmt"/>
      <line num="4" count="1" type="stmt"/>
      <line num="5" count="1" type="stmt"/>
      <line num="6" count="1" type="stmt"/>
      <line num="8" count="1" type="stmt"/>
      <line num="9" count="1" type="stmt"/>
      <line num="14" count="1" type="stmt"/>
      <line num="16" count="1" type="stmt"/>
      <line num="17" count="1" type="stmt"/>
      <line num="18" count="1" type="stmt"/>
      <line num="20" count="1" type="stmt"/>
      <line num="21" count="1" type="stmt"/>
      <line num="22" count="0" type="stmt"/>
      <line num="23" count="0" type="stmt"/>
      <line num="24" count="0" type="stmt"/>
      <line num="25" count="0" type="stmt"/>
      <line num="26" count="0" type="stmt"/>
    </file>
  </project>
</coverage>
